<?xml version="1.0" encoding="UTF-8"?>
<!-- Generated by org.testng.reporters.JUnitReportReporter -->
<testsuite skipped="0" hostname="TCL60016310651" name="testpack.SIEM_AlertSearch" tests="1" failures="0" timestamp="2021-02-04T11:16:10 IST" time="2.102" errors="0">
  <testcase name="keyclockbearer" time="2.102" classname="testpack.SIEM_AlertSearch"/>
  <system-out/>
</testsuite> <!-- testpack.SIEM_AlertSearch -->
