<?xml version="1.0" encoding="UTF-8"?>
<!-- Generated by org.testng.reporters.JUnitReportReporter -->
<testsuite skipped="0" hostname="TCL60016310651" name="testpack.Testcase_main" tests="12" failures="0" timestamp="2021-04-20T19:12:07 IST" time="44.511" errors="0">
  <testcase name="testmain" time="4.812" classname="testpack.Testcase_main"/>
  <system-out/>
  <testcase name="testmain" time="0.869" classname="testpack.Testcase_main"/>
  <system-out/>
  <testcase name="testmain" time="4.197" classname="testpack.Testcase_main"/>
  <system-out/>
  <testcase name="testmain" time="4.935" classname="testpack.Testcase_main"/>
  <system-out/>
  <testcase name="testmain" time="4.786" classname="testpack.Testcase_main"/>
  <system-out/>
  <testcase name="testmain" time="5.070" classname="testpack.Testcase_main"/>
  <system-out/>
  <testcase name="testmain" time="0.309" classname="testpack.Testcase_main"/>
  <system-out/>
  <testcase name="testmain" time="4.693" classname="testpack.Testcase_main"/>
  <system-out/>
  <testcase name="testmain" time="4.729" classname="testpack.Testcase_main"/>
  <system-out/>
  <testcase name="testmain" time="4.691" classname="testpack.Testcase_main"/>
  <system-out/>
  <testcase name="testmain" time="0.242" classname="testpack.Testcase_main"/>
  <system-out/>
  <testcase name="testmain" time="5.178" classname="testpack.Testcase_main"/>
  <system-out/>
</testsuite> <!-- testpack.Testcase_main -->
