<?xml version="1.0" encoding="UTF-8"?>
<!-- Generated by org.testng.reporters.JUnitReportReporter -->
<testsuite skipped="0" hostname="TCL60016310651" name="testpack.FW_Testcase" tests="3" failures="0" timestamp="2021-01-29T14:26:38 IST" time="7.289" errors="0">
  <testcase name="create_policy" time="1.802" classname="testpack.FW_Testcase"/>
  <system-out/>
  <testcase name="create_policy" time="1.755" classname="testpack.FW_Testcase"/>
  <system-out/>
  <testcase name="create_policy" time="3.732" classname="testpack.FW_Testcase"/>
  <system-out/>
</testsuite> <!-- testpack.FW_Testcase -->
