<?xml version="1.0" encoding="UTF-8"?>
<!-- Generated by org.testng.reporters.JUnitReportReporter -->
<testsuite skipped="0" hostname="TCL60016310651" name="check_Highchart" tests="1" failures="0" timestamp="2021-03-08T22:49:19 IST" time="0.015" errors="0">
  <testcase name="abc" time="0.015" classname="check_Highchart"/>
  <system-out/>
</testsuite> <!-- check_Highchart -->
