<?xml version="1.0" encoding="UTF-8"?>
<!-- Generated by org.testng.reporters.JUnitReportReporter -->
<testsuite skipped="0" hostname="TCL60016310651" name="com.fw.testcase" tests="1" failures="0" timestamp="2021-07-27T15:35:04 IST" time="77.007" errors="0">
  <testcase name="abaas" time="77.007" classname="com.fw.testcase"/>
  <system-out/>
</testsuite> <!-- com.fw.testcase -->
